Drill report for rrc_pcb.kicad_pcb
Created on 2023-01-16 10:49:45 PM

Copper Layer Stackup:
    =============================================================
    L1 :  F.Cu                      front
    L2 :  B.Cu                      back


Drill file 'rrc_pcb-PTH-drl.gbr' contains
    plated through holes:
    =============================================================
    T1  0.400mm  0.0157"  (4 holes)
    T2  0.650mm  0.0256"  (20 holes)
    T3  0.800mm  0.0315"  (16 holes)
    T4  1.000mm  0.0394"  (37 holes)
    T5  1.020mm  0.0402"  (7 holes)
    T6  1.100mm  0.0433"  (59 holes)
    T7  2.700mm  0.1063"  (2 holes)
    T8  3.200mm  0.1260"  (1 hole)

    Total plated holes count 146


Drill file 'rrc_pcb-NPTH-drl.gbr' contains
    unplated through holes:
    =============================================================
    T1  2.000mm  0.0787"  (6 holes)
    T2  4.000mm  0.1575"  (8 holes)

    Total unplated holes count 14
